Using pre-set license
Built from '2020.3/staging' branch; Version is '2020.3.4f1 (0abb6314276a) revision 703331'; Using compiler version '192528614'; Build Type 'Release'
OS: 'Windows 10 Home; OS build 19042.928; Version 2009; 64bit' Language: 'en' Physical Memory: 8140 MB
BatchMode: 1, IsHumanControllingUs: 0, StartBugReporterOnCrash: 0, Is64bit: 1, IsPro: 0

 COMMAND LINE ARGUMENTS:
C:\Program Files\Unity\Hub\Editor\2020.3.4f1\Editor\Unity.exe
-adb2
-batchMode
-noUpm
-name
AssetImportWorker2
-projectPath
D:/Games/New Project/Color Switch
-logFile
Logs/AssetImportWorker2.log
-srvPort
61444
Successfully changed project path to: D:/Games/New Project/Color Switch
D:/Games/New Project/Color Switch
Using Asset Import Pipeline V2.
Refreshing native plugins compatible for Editor in 32.81 ms, found 1 plugins.
Preloading 0 native plugins for Editor in 0.00 ms.
Initialize engine version: 2020.3.4f1 (0abb6314276a)
[Subsystems] Discovering subsystems at path C:/Program Files/Unity/Hub/Editor/2020.3.4f1/Editor/Data/Resources/UnitySubsystems
[Subsystems] Discovering subsystems at path D:/Games/New Project/Color Switch/Assets
GfxDevice: creating device client; threaded=0
Direct3D:
    Version:  Direct3D 11.0 [level 11.1]
    Renderer: NVIDIA GeForce GTX 1650 SUPER (ID=0x2187)
    Vendor:   
    VRAM:     3955 MB
    Driver:   27.21.14.6611
Initialize mono
Mono path[0] = 'C:/Program Files/Unity/Hub/Editor/2020.3.4f1/Editor/Data/Managed'
Mono path[1] = 'C:/Program Files/Unity/Hub/Editor/2020.3.4f1/Editor/Data/MonoBleedingEdge/lib/mono/unityjit'
Mono config path = 'C:/Program Files/Unity/Hub/Editor/2020.3.4f1/Editor/Data/MonoBleedingEdge/etc'
Using monoOptions --debugger-agent=transport=dt_socket,embedding=1,server=y,suspend=n,address=127.0.0.1:56184
Begin MonoManager ReloadAssembly
Registering precompiled unity dll's ...
Register platform support module: C:/Program Files/Unity/Hub/Editor/2020.3.4f1/Editor/Data/PlaybackEngines/WebGLSupport/UnityEditor.WebGL.Extensions.dll
Register platform support module: C:/Program Files/Unity/Hub/Editor/2020.3.4f1/Editor/Data/PlaybackEngines/WindowsStandaloneSupport/UnityEditor.WindowsStandalone.Extensions.dll
Registered in 0.001583 seconds.
Native extension for WindowsStandalone target not found
Native extension for WebGL target not found
Refreshing native plugins compatible for Editor in 33.74 ms, found 1 plugins.
Preloading 0 native plugins for Editor in 0.00 ms.
Mono: successfully reloaded assembly
- Completed reload, in  1.542 seconds
Platform modules already initialized, skipping
Registering precompiled user dll's ...
Registered in 0.000482 seconds.
Begin MonoManager ReloadAssembly
Native extension for WindowsStandalone target not found
Native extension for WebGL target not found
Refreshing native plugins compatible for Editor in 35.13 ms, found 1 plugins.
Preloading 0 native plugins for Editor in 0.00 ms.
Mono: successfully reloaded assembly
- Completed reload, in  0.807 seconds
Platform modules already initialized, skipping
========================================================================
Worker process is ready to serve import requests
Launched and connected shader compiler UnityShaderCompiler.exe after 0.03 seconds
Refreshing native plugins compatible for Editor in 0.38 ms, found 1 plugins.
Preloading 0 native plugins for Editor in 0.00 ms.
Unloading 1826 Unused Serialized files (Serialized files now loaded: 0)
System memory in use before: 87.5 MB.
System memory in use after: 87.5 MB.

Unloading 24 unused Assets to reduce memory usage. Loaded Objects now: 2271.
Total: 2.426800 ms (FindLiveObjects: 0.390200 ms CreateObjectMapping: 0.051600 ms MarkObjects: 1.854400 ms  DeleteObjects: 0.129000 ms)

========================================================================
Received Import Request.
  path: Assets/Scenes/Particle System.prefab
  artifactKey: Guid(d0d9ab32bcf80ec44893ad35f6f5f836) Importer(815301076,1909f56bfc062723c751e8b465ee728b)
Start importing Assets/Scenes/Particle System.prefab using Guid(d0d9ab32bcf80ec44893ad35f6f5f836) Importer(815301076,1909f56bfc062723c751e8b465ee728b)  -> (artifact id: '5376f7eb33bec937216d1421c4e52911') in 0.041271 seconds
  Import took 0.070846 seconds .

========================================================================
Received Prepare
Registering precompiled user dll's ...
Registered in 0.000595 seconds.
Begin MonoManager ReloadAssembly
Native extension for WindowsStandalone target not found
Native extension for WebGL target not found
Refreshing native plugins compatible for Editor in 0.39 ms, found 1 plugins.
Preloading 0 native plugins for Editor in 0.00 ms.
Mono: successfully reloaded assembly
- Completed reload, in  0.693 seconds
Platform modules already initialized, skipping
Refreshing native plugins compatible for Editor in 0.40 ms, found 1 plugins.
Preloading 0 native plugins for Editor in 0.00 ms.
Unloading 1808 Unused Serialized files (Serialized files now loaded: 0)
System memory in use before: 86.2 MB.
System memory in use after: 86.2 MB.

Unloading 12 unused Assets to reduce memory usage. Loaded Objects now: 2275.
Total: 2.130500 ms (FindLiveObjects: 0.198600 ms CreateObjectMapping: 0.048500 ms MarkObjects: 1.777500 ms  DeleteObjects: 0.104900 ms)

========================================================================
Received Prepare
Registering precompiled user dll's ...
Registered in 0.000666 seconds.
Begin MonoManager ReloadAssembly
Native extension for WindowsStandalone target not found
Native extension for WebGL target not found
Refreshing native plugins compatible for Editor in 0.43 ms, found 1 plugins.
Preloading 0 native plugins for Editor in 0.00 ms.
Mono: successfully reloaded assembly
- Completed reload, in  0.695 seconds
Platform modules already initialized, skipping
Refreshing native plugins compatible for Editor in 0.38 ms, found 1 plugins.
Preloading 0 native plugins for Editor in 0.00 ms.
Unloading 1808 Unused Serialized files (Serialized files now loaded: 0)
System memory in use before: 86.2 MB.
System memory in use after: 86.2 MB.

Unloading 12 unused Assets to reduce memory usage. Loaded Objects now: 2279.
Total: 2.067700 ms (FindLiveObjects: 0.209400 ms CreateObjectMapping: 0.044600 ms MarkObjects: 1.702200 ms  DeleteObjects: 0.110200 ms)

========================================================================
Received Prepare
Registering precompiled user dll's ...
Registered in 0.000625 seconds.
Begin MonoManager ReloadAssembly
Native extension for WindowsStandalone target not found
Native extension for WebGL target not found
Refreshing native plugins compatible for Editor in 0.40 ms, found 1 plugins.
Preloading 0 native plugins for Editor in 0.00 ms.
Mono: successfully reloaded assembly
- Completed reload, in  0.686 seconds
Platform modules already initialized, skipping
Refreshing native plugins compatible for Editor in 0.38 ms, found 1 plugins.
Preloading 0 native plugins for Editor in 0.00 ms.
Unloading 1808 Unused Serialized files (Serialized files now loaded: 0)
System memory in use before: 86.3 MB.
System memory in use after: 86.2 MB.

Unloading 12 unused Assets to reduce memory usage. Loaded Objects now: 2283.
Total: 2.199100 ms (FindLiveObjects: 0.200600 ms CreateObjectMapping: 0.053300 ms MarkObjects: 1.843600 ms  DeleteObjects: 0.100400 ms)

========================================================================
Received Prepare
Registering precompiled user dll's ...
Registered in 0.000637 seconds.
Begin MonoManager ReloadAssembly
Native extension for WindowsStandalone target not found
Native extension for WebGL target not found
Refreshing native plugins compatible for Editor in 0.40 ms, found 1 plugins.
Preloading 0 native plugins for Editor in 0.00 ms.
Mono: successfully reloaded assembly
- Completed reload, in  0.683 seconds
Platform modules already initialized, skipping
Refreshing native plugins compatible for Editor in 0.39 ms, found 1 plugins.
Preloading 0 native plugins for Editor in 0.00 ms.
Unloading 1808 Unused Serialized files (Serialized files now loaded: 0)
System memory in use before: 86.3 MB.
System memory in use after: 86.3 MB.

Unloading 12 unused Assets to reduce memory usage. Loaded Objects now: 2287.
Total: 2.674800 ms (FindLiveObjects: 0.308700 ms CreateObjectMapping: 0.090900 ms MarkObjects: 2.138300 ms  DeleteObjects: 0.135700 ms)

========================================================================
Received Prepare
Registering precompiled user dll's ...
Registered in 0.000622 seconds.
Begin MonoManager ReloadAssembly
Native extension for WindowsStandalone target not found
Native extension for WebGL target not found
Refreshing native plugins compatible for Editor in 0.40 ms, found 1 plugins.
Preloading 0 native plugins for Editor in 0.00 ms.
Mono: successfully reloaded assembly
- Completed reload, in  0.688 seconds
Platform modules already initialized, skipping
Refreshing native plugins compatible for Editor in 0.37 ms, found 1 plugins.
Preloading 0 native plugins for Editor in 0.00 ms.
Unloading 1808 Unused Serialized files (Serialized files now loaded: 0)
System memory in use before: 86.3 MB.
System memory in use after: 86.3 MB.

Unloading 12 unused Assets to reduce memory usage. Loaded Objects now: 2291.
Total: 2.135700 ms (FindLiveObjects: 0.203400 ms CreateObjectMapping: 0.044100 ms MarkObjects: 1.762600 ms  DeleteObjects: 0.124500 ms)

========================================================================
Received Prepare
Registering precompiled user dll's ...
Registered in 0.000675 seconds.
Begin MonoManager ReloadAssembly
Native extension for WindowsStandalone target not found
Native extension for WebGL target not found
Refreshing native plugins compatible for Editor in 0.38 ms, found 1 plugins.
Preloading 0 native plugins for Editor in 0.00 ms.
Mono: successfully reloaded assembly
- Completed reload, in  0.699 seconds
Platform modules already initialized, skipping
Refreshing native plugins compatible for Editor in 0.43 ms, found 1 plugins.
Preloading 0 native plugins for Editor in 0.00 ms.
Unloading 1808 Unused Serialized files (Serialized files now loaded: 0)
System memory in use before: 86.3 MB.
System memory in use after: 86.3 MB.

Unloading 12 unused Assets to reduce memory usage. Loaded Objects now: 2295.
Total: 2.905200 ms (FindLiveObjects: 0.300700 ms CreateObjectMapping: 0.051900 ms MarkObjects: 2.429200 ms  DeleteObjects: 0.122500 ms)

========================================================================
Received Import Request.
  Time since last request: 150.321855 seconds.
  path: Assets/Scenes/ColoRSwitch.unity
  artifactKey: Guid(2cda990e2423bbf4892e6590ba056729) Importer(815301076,1909f56bfc062723c751e8b465ee728b)
Start importing Assets/Scenes/ColoRSwitch.unity using Guid(2cda990e2423bbf4892e6590ba056729) Importer(815301076,1909f56bfc062723c751e8b465ee728b)  -> (artifact id: 'a0b6e8cb93ddf12eada517d6c62c906b') in 0.010646 seconds
  Import took 0.040036 seconds .

========================================================================
Received Prepare
Registering precompiled user dll's ...
Registered in 0.000594 seconds.
Begin MonoManager ReloadAssembly
Native extension for WindowsStandalone target not found
Native extension for WebGL target not found
Refreshing native plugins compatible for Editor in 0.40 ms, found 1 plugins.
Preloading 0 native plugins for Editor in 0.00 ms.
Mono: successfully reloaded assembly
- Completed reload, in  0.732 seconds
Platform modules already initialized, skipping
Refreshing native plugins compatible for Editor in 0.36 ms, found 1 plugins.
Preloading 0 native plugins for Editor in 0.00 ms.
Unloading 1808 Unused Serialized files (Serialized files now loaded: 0)
System memory in use before: 86.3 MB.
System memory in use after: 86.3 MB.

Unloading 12 unused Assets to reduce memory usage. Loaded Objects now: 2299.
Total: 2.250400 ms (FindLiveObjects: 0.240700 ms CreateObjectMapping: 0.046000 ms MarkObjects: 1.851000 ms  DeleteObjects: 0.111800 ms)

========================================================================
Received Prepare
Registering precompiled user dll's ...
Registered in 0.000606 seconds.
Begin MonoManager ReloadAssembly
Native extension for WindowsStandalone target not found
Native extension for WebGL target not found
Refreshing native plugins compatible for Editor in 0.41 ms, found 1 plugins.
Preloading 0 native plugins for Editor in 0.00 ms.
Mono: successfully reloaded assembly
- Completed reload, in  0.744 seconds
Platform modules already initialized, skipping
Refreshing native plugins compatible for Editor in 0.50 ms, found 1 plugins.
Preloading 0 native plugins for Editor in 0.00 ms.
Unloading 1808 Unused Serialized files (Serialized files now loaded: 0)
System memory in use before: 86.3 MB.
System memory in use after: 86.3 MB.

Unloading 12 unused Assets to reduce memory usage. Loaded Objects now: 2303.
Total: 2.803100 ms (FindLiveObjects: 0.232600 ms CreateObjectMapping: 0.043800 ms MarkObjects: 2.350400 ms  DeleteObjects: 0.175600 ms)

========================================================================
Received Prepare
Registering precompiled user dll's ...
Registered in 0.000648 seconds.
Begin MonoManager ReloadAssembly
Native extension for WindowsStandalone target not found
Native extension for WebGL target not found
Refreshing native plugins compatible for Editor in 0.40 ms, found 1 plugins.
Preloading 0 native plugins for Editor in 0.00 ms.
Mono: successfully reloaded assembly
- Completed reload, in  0.682 seconds
Platform modules already initialized, skipping
Refreshing native plugins compatible for Editor in 0.38 ms, found 1 plugins.
Preloading 0 native plugins for Editor in 0.00 ms.
Unloading 1808 Unused Serialized files (Serialized files now loaded: 0)
System memory in use before: 86.3 MB.
System memory in use after: 86.3 MB.

Unloading 12 unused Assets to reduce memory usage. Loaded Objects now: 2307.
Total: 2.368900 ms (FindLiveObjects: 0.251500 ms CreateObjectMapping: 0.049800 ms MarkObjects: 1.965500 ms  DeleteObjects: 0.101200 ms)

========================================================================
Received Prepare
Registering precompiled user dll's ...
Registered in 0.000585 seconds.
Begin MonoManager ReloadAssembly
Native extension for WindowsStandalone target not found
Native extension for WebGL target not found
Refreshing native plugins compatible for Editor in 0.38 ms, found 1 plugins.
Preloading 0 native plugins for Editor in 0.00 ms.
Mono: successfully reloaded assembly
- Completed reload, in  0.689 seconds
Platform modules already initialized, skipping
Refreshing native plugins compatible for Editor in 0.39 ms, found 1 plugins.
Preloading 0 native plugins for Editor in 0.00 ms.
Unloading 1808 Unused Serialized files (Serialized files now loaded: 0)
System memory in use before: 86.4 MB.
System memory in use after: 86.3 MB.

Unloading 12 unused Assets to reduce memory usage. Loaded Objects now: 2311.
Total: 2.148400 ms (FindLiveObjects: 0.202300 ms CreateObjectMapping: 0.049000 ms MarkObjects: 1.791400 ms  DeleteObjects: 0.104600 ms)

========================================================================
Received Prepare
Registering precompiled user dll's ...
Registered in 0.000630 seconds.
Begin MonoManager ReloadAssembly
Native extension for WindowsStandalone target not found
Native extension for WebGL target not found
Refreshing native plugins compatible for Editor in 0.39 ms, found 1 plugins.
Preloading 0 native plugins for Editor in 0.00 ms.
Mono: successfully reloaded assembly
- Completed reload, in  0.689 seconds
Platform modules already initialized, skipping
Refreshing native plugins compatible for Editor in 0.43 ms, found 1 plugins.
Preloading 0 native plugins for Editor in 0.00 ms.
Unloading 1808 Unused Serialized files (Serialized files now loaded: 0)
System memory in use before: 86.4 MB.
System memory in use after: 86.3 MB.

Unloading 12 unused Assets to reduce memory usage. Loaded Objects now: 2315.
Total: 2.659600 ms (FindLiveObjects: 0.239200 ms CreateObjectMapping: 0.050900 ms MarkObjects: 2.255300 ms  DeleteObjects: 0.112900 ms)

========================================================================
Received Prepare
Registering precompiled user dll's ...
Registered in 0.000803 seconds.
Begin MonoManager ReloadAssembly
Native extension for WindowsStandalone target not found
Native extension for WebGL target not found
Refreshing native plugins compatible for Editor in 0.39 ms, found 1 plugins.
Preloading 0 native plugins for Editor in 0.00 ms.
Mono: successfully reloaded assembly
- Completed reload, in  0.713 seconds
Platform modules already initialized, skipping
Refreshing native plugins compatible for Editor in 0.38 ms, found 1 plugins.
Preloading 0 native plugins for Editor in 0.00 ms.
Unloading 1808 Unused Serialized files (Serialized files now loaded: 0)
System memory in use before: 86.4 MB.
System memory in use after: 86.3 MB.

Unloading 12 unused Assets to reduce memory usage. Loaded Objects now: 2319.
Total: 2.186400 ms (FindLiveObjects: 0.275300 ms CreateObjectMapping: 0.049700 ms MarkObjects: 1.742400 ms  DeleteObjects: 0.118000 ms)

========================================================================
Received Prepare
Registering precompiled user dll's ...
Registered in 0.000533 seconds.
Begin MonoManager ReloadAssembly
Native extension for WindowsStandalone target not found
Native extension for WebGL target not found
Refreshing native plugins compatible for Editor in 0.39 ms, found 1 plugins.
Preloading 0 native plugins for Editor in 0.00 ms.
Mono: successfully reloaded assembly
- Completed reload, in  0.676 seconds
Platform modules already initialized, skipping
Refreshing native plugins compatible for Editor in 0.44 ms, found 1 plugins.
Preloading 0 native plugins for Editor in 0.00 ms.
Unloading 1808 Unused Serialized files (Serialized files now loaded: 0)
System memory in use before: 86.4 MB.
System memory in use after: 86.4 MB.

Unloading 12 unused Assets to reduce memory usage. Loaded Objects now: 2323.
Total: 1.932400 ms (FindLiveObjects: 0.230800 ms CreateObjectMapping: 0.053900 ms MarkObjects: 1.545100 ms  DeleteObjects: 0.101500 ms)

========================================================================
Received Prepare
Registering precompiled user dll's ...
Registered in 0.000641 seconds.
Begin MonoManager ReloadAssembly
Native extension for WindowsStandalone target not found
Native extension for WebGL target not found
Refreshing native plugins compatible for Editor in 0.39 ms, found 1 plugins.
Preloading 0 native plugins for Editor in 0.00 ms.
Mono: successfully reloaded assembly
- Completed reload, in  0.696 seconds
Platform modules already initialized, skipping
Refreshing native plugins compatible for Editor in 0.38 ms, found 1 plugins.
Preloading 0 native plugins for Editor in 0.00 ms.
Unloading 1808 Unused Serialized files (Serialized files now loaded: 0)
System memory in use before: 86.4 MB.
System memory in use after: 86.4 MB.

Unloading 12 unused Assets to reduce memory usage. Loaded Objects now: 2327.
Total: 2.245400 ms (FindLiveObjects: 0.231300 ms CreateObjectMapping: 0.055900 ms MarkObjects: 1.848200 ms  DeleteObjects: 0.108900 ms)

========================================================================
Received Prepare
Registering precompiled user dll's ...
Registered in 0.000673 seconds.
Begin MonoManager ReloadAssembly
Native extension for WindowsStandalone target not found
Native extension for WebGL target not found
Refreshing native plugins compatible for Editor in 0.42 ms, found 1 plugins.
Preloading 0 native plugins for Editor in 0.00 ms.
Mono: successfully reloaded assembly
- Completed reload, in  0.686 seconds
Platform modules already initialized, skipping
Refreshing native plugins compatible for Editor in 0.38 ms, found 1 plugins.
Preloading 0 native plugins for Editor in 0.00 ms.
Unloading 1808 Unused Serialized files (Serialized files now loaded: 0)
System memory in use before: 86.4 MB.
System memory in use after: 86.4 MB.

Unloading 12 unused Assets to reduce memory usage. Loaded Objects now: 2331.
Total: 2.138900 ms (FindLiveObjects: 0.209000 ms CreateObjectMapping: 0.047200 ms MarkObjects: 1.769700 ms  DeleteObjects: 0.112200 ms)

========================================================================
Received Prepare
Registering precompiled user dll's ...
Registered in 0.000625 seconds.
Begin MonoManager ReloadAssembly
Native extension for WindowsStandalone target not found
Native extension for WebGL target not found
Refreshing native plugins compatible for Editor in 0.40 ms, found 1 plugins.
Preloading 0 native plugins for Editor in 0.00 ms.
Mono: successfully reloaded assembly
- Completed reload, in  0.684 seconds
Platform modules already initialized, skipping
Refreshing native plugins compatible for Editor in 0.38 ms, found 1 plugins.
Preloading 0 native plugins for Editor in 0.00 ms.
Unloading 1808 Unused Serialized files (Serialized files now loaded: 0)
System memory in use before: 86.4 MB.
System memory in use after: 86.4 MB.

Unloading 12 unused Assets to reduce memory usage. Loaded Objects now: 2335.
Total: 2.199500 ms (FindLiveObjects: 0.278700 ms CreateObjectMapping: 0.046200 ms MarkObjects: 1.756400 ms  DeleteObjects: 0.117100 ms)

========================================================================
Received Prepare
Registering precompiled user dll's ...
Registered in 0.000675 seconds.
Begin MonoManager ReloadAssembly
Native extension for WindowsStandalone target not found
Native extension for WebGL target not found
Refreshing native plugins compatible for Editor in 0.41 ms, found 1 plugins.
Preloading 0 native plugins for Editor in 0.00 ms.
Mono: successfully reloaded assembly
- Completed reload, in  0.693 seconds
Platform modules already initialized, skipping
Refreshing native plugins compatible for Editor in 0.39 ms, found 1 plugins.
Preloading 0 native plugins for Editor in 0.00 ms.
Unloading 1808 Unused Serialized files (Serialized files now loaded: 0)
System memory in use before: 86.4 MB.
System memory in use after: 86.4 MB.

Unloading 12 unused Assets to reduce memory usage. Loaded Objects now: 2339.
Total: 2.508700 ms (FindLiveObjects: 0.210700 ms CreateObjectMapping: 0.050400 ms MarkObjects: 2.117000 ms  DeleteObjects: 0.129300 ms)

========================================================================
Received Prepare
Registering precompiled user dll's ...
Registered in 0.000625 seconds.
Begin MonoManager ReloadAssembly
Native extension for WindowsStandalone target not found
Native extension for WebGL target not found
Refreshing native plugins compatible for Editor in 0.39 ms, found 1 plugins.
Preloading 0 native plugins for Editor in 0.00 ms.
Mono: successfully reloaded assembly
- Completed reload, in  0.677 seconds
Platform modules already initialized, skipping
Refreshing native plugins compatible for Editor in 0.39 ms, found 1 plugins.
Preloading 0 native plugins for Editor in 0.00 ms.
Unloading 1808 Unused Serialized files (Serialized files now loaded: 0)
System memory in use before: 86.4 MB.
System memory in use after: 86.4 MB.

Unloading 12 unused Assets to reduce memory usage. Loaded Objects now: 2343.
Total: 2.418500 ms (FindLiveObjects: 0.219700 ms CreateObjectMapping: 0.049200 ms MarkObjects: 2.040000 ms  DeleteObjects: 0.108400 ms)

========================================================================
Received Prepare
Registering precompiled user dll's ...
Registered in 0.000621 seconds.
Begin MonoManager ReloadAssembly
Native extension for WindowsStandalone target not found
Native extension for WebGL target not found
Refreshing native plugins compatible for Editor in 0.40 ms, found 1 plugins.
Preloading 0 native plugins for Editor in 0.00 ms.
Mono: successfully reloaded assembly
- Completed reload, in  0.682 seconds
Platform modules already initialized, skipping
Refreshing native plugins compatible for Editor in 0.38 ms, found 1 plugins.
Preloading 0 native plugins for Editor in 0.00 ms.
Unloading 1808 Unused Serialized files (Serialized files now loaded: 0)
System memory in use before: 86.4 MB.
System memory in use after: 86.4 MB.

Unloading 12 unused Assets to reduce memory usage. Loaded Objects now: 2347.
Total: 2.199700 ms (FindLiveObjects: 0.200100 ms CreateObjectMapping: 0.049400 ms MarkObjects: 1.845900 ms  DeleteObjects: 0.103300 ms)

========================================================================
Received Prepare
Registering precompiled user dll's ...
Registered in 0.000633 seconds.
Begin MonoManager ReloadAssembly
Native extension for WindowsStandalone target not found
Native extension for WebGL target not found
Refreshing native plugins compatible for Editor in 0.40 ms, found 1 plugins.
Preloading 0 native plugins for Editor in 0.00 ms.
Mono: successfully reloaded assembly
- Completed reload, in  0.688 seconds
Platform modules already initialized, skipping
Refreshing native plugins compatible for Editor in 0.39 ms, found 1 plugins.
Preloading 0 native plugins for Editor in 0.00 ms.
Unloading 1808 Unused Serialized files (Serialized files now loaded: 0)
System memory in use before: 86.4 MB.
System memory in use after: 86.4 MB.

Unloading 12 unused Assets to reduce memory usage. Loaded Objects now: 2351.
Total: 2.249000 ms (FindLiveObjects: 0.265200 ms CreateObjectMapping: 0.060500 ms MarkObjects: 1.810500 ms  DeleteObjects: 0.111200 ms)

========================================================================
Received Prepare
Registering precompiled user dll's ...
Registered in 0.000617 seconds.
Begin MonoManager ReloadAssembly
Native extension for WindowsStandalone target not found
Native extension for WebGL target not found
Refreshing native plugins compatible for Editor in 0.41 ms, found 1 plugins.
Preloading 0 native plugins for Editor in 0.00 ms.
Mono: successfully reloaded assembly
- Completed reload, in  0.685 seconds
Platform modules already initialized, skipping
Refreshing native plugins compatible for Editor in 0.37 ms, found 1 plugins.
Preloading 0 native plugins for Editor in 0.00 ms.
Unloading 1808 Unused Serialized files (Serialized files now loaded: 0)
System memory in use before: 86.5 MB.
System memory in use after: 86.4 MB.

Unloading 12 unused Assets to reduce memory usage. Loaded Objects now: 2355.
Total: 2.206600 ms (FindLiveObjects: 0.220800 ms CreateObjectMapping: 0.046500 ms MarkObjects: 1.834800 ms  DeleteObjects: 0.103500 ms)

========================================================================
Received Prepare
Registering precompiled user dll's ...
Registered in 0.000649 seconds.
Begin MonoManager ReloadAssembly
Native extension for WindowsStandalone target not found
Native extension for WebGL target not found
Refreshing native plugins compatible for Editor in 0.40 ms, found 1 plugins.
Preloading 0 native plugins for Editor in 0.00 ms.
Mono: successfully reloaded assembly
- Completed reload, in  0.686 seconds
Platform modules already initialized, skipping
Refreshing native plugins compatible for Editor in 0.48 ms, found 1 plugins.
Preloading 0 native plugins for Editor in 0.00 ms.
Unloading 1808 Unused Serialized files (Serialized files now loaded: 0)
System memory in use before: 86.5 MB.
System memory in use after: 86.4 MB.

Unloading 12 unused Assets to reduce memory usage. Loaded Objects now: 2359.
Total: 2.446300 ms (FindLiveObjects: 0.335800 ms CreateObjectMapping: 0.136100 ms MarkObjects: 1.830900 ms  DeleteObjects: 0.142100 ms)

========================================================================
Received Prepare
Registering precompiled user dll's ...
Registered in 0.000674 seconds.
Begin MonoManager ReloadAssembly
Native extension for WindowsStandalone target not found
Native extension for WebGL target not found
Refreshing native plugins compatible for Editor in 0.40 ms, found 1 plugins.
Preloading 0 native plugins for Editor in 0.00 ms.
Mono: successfully reloaded assembly
- Completed reload, in  0.688 seconds
Platform modules already initialized, skipping
Refreshing native plugins compatible for Editor in 0.47 ms, found 1 plugins.
Preloading 0 native plugins for Editor in 0.00 ms.
Unloading 1808 Unused Serialized files (Serialized files now loaded: 0)
System memory in use before: 86.5 MB.
System memory in use after: 86.4 MB.

Unloading 12 unused Assets to reduce memory usage. Loaded Objects now: 2363.
Total: 2.212700 ms (FindLiveObjects: 0.201900 ms CreateObjectMapping: 0.044100 ms MarkObjects: 1.857800 ms  DeleteObjects: 0.107600 ms)

========================================================================
Received Prepare
Registering precompiled user dll's ...
Registered in 0.000619 seconds.
Begin MonoManager ReloadAssembly
Native extension for WindowsStandalone target not found
Native extension for WebGL target not found
Refreshing native plugins compatible for Editor in 0.40 ms, found 1 plugins.
Preloading 0 native plugins for Editor in 0.00 ms.
Mono: successfully reloaded assembly
- Completed reload, in  0.678 seconds
Platform modules already initialized, skipping
Refreshing native plugins compatible for Editor in 0.54 ms, found 1 plugins.
Preloading 0 native plugins for Editor in 0.00 ms.
Unloading 1808 Unused Serialized files (Serialized files now loaded: 0)
System memory in use before: 86.5 MB.
System memory in use after: 86.5 MB.

Unloading 12 unused Assets to reduce memory usage. Loaded Objects now: 2367.
Total: 2.331100 ms (FindLiveObjects: 0.256400 ms CreateObjectMapping: 0.049200 ms MarkObjects: 1.912200 ms  DeleteObjects: 0.111900 ms)

========================================================================
Received Prepare
Registering precompiled user dll's ...
Registered in 0.000627 seconds.
Begin MonoManager ReloadAssembly
Native extension for WindowsStandalone target not found
Native extension for WebGL target not found
Refreshing native plugins compatible for Editor in 0.39 ms, found 1 plugins.
Preloading 0 native plugins for Editor in 0.00 ms.
Mono: successfully reloaded assembly
- Completed reload, in  0.681 seconds
Platform modules already initialized, skipping
Refreshing native plugins compatible for Editor in 0.38 ms, found 1 plugins.
Preloading 0 native plugins for Editor in 0.00 ms.
Unloading 1808 Unused Serialized files (Serialized files now loaded: 0)
System memory in use before: 86.5 MB.
System memory in use after: 86.5 MB.

Unloading 12 unused Assets to reduce memory usage. Loaded Objects now: 2371.
Total: 1.892000 ms (FindLiveObjects: 0.178600 ms CreateObjectMapping: 0.044700 ms MarkObjects: 1.549700 ms  DeleteObjects: 0.118300 ms)

========================================================================
Received Prepare
Registering precompiled user dll's ...
Registered in 0.000620 seconds.
Begin MonoManager ReloadAssembly
Native extension for WindowsStandalone target not found
Native extension for WebGL target not found
Refreshing native plugins compatible for Editor in 0.39 ms, found 1 plugins.
Preloading 0 native plugins for Editor in 0.00 ms.
Mono: successfully reloaded assembly
- Completed reload, in  0.693 seconds
Platform modules already initialized, skipping
Refreshing native plugins compatible for Editor in 0.39 ms, found 1 plugins.
Preloading 0 native plugins for Editor in 0.00 ms.
Unloading 1808 Unused Serialized files (Serialized files now loaded: 0)
System memory in use before: 86.5 MB.
System memory in use after: 86.5 MB.

Unloading 12 unused Assets to reduce memory usage. Loaded Objects now: 2375.
Total: 2.262900 ms (FindLiveObjects: 0.220800 ms CreateObjectMapping: 0.045100 ms MarkObjects: 1.890600 ms  DeleteObjects: 0.105300 ms)

========================================================================
Received Prepare
Registering precompiled user dll's ...
Registered in 0.000637 seconds.
Begin MonoManager ReloadAssembly
Native extension for WindowsStandalone target not found
Native extension for WebGL target not found
Refreshing native plugins compatible for Editor in 0.41 ms, found 1 plugins.
Preloading 0 native plugins for Editor in 0.00 ms.
Mono: successfully reloaded assembly
- Completed reload, in  0.685 seconds
Platform modules already initialized, skipping
Refreshing native plugins compatible for Editor in 0.39 ms, found 1 plugins.
Preloading 0 native plugins for Editor in 0.00 ms.
Unloading 1808 Unused Serialized files (Serialized files now loaded: 0)
System memory in use before: 86.5 MB.
System memory in use after: 86.5 MB.

Unloading 12 unused Assets to reduce memory usage. Loaded Objects now: 2379.
Total: 2.099300 ms (FindLiveObjects: 0.253500 ms CreateObjectMapping: 0.054400 ms MarkObjects: 1.683900 ms  DeleteObjects: 0.105700 ms)

========================================================================
Received Prepare
Registering precompiled user dll's ...
Registered in 0.000558 seconds.
Begin MonoManager ReloadAssembly
Native extension for WindowsStandalone target not found
Native extension for WebGL target not found
Refreshing native plugins compatible for Editor in 0.39 ms, found 1 plugins.
Preloading 0 native plugins for Editor in 0.00 ms.
Mono: successfully reloaded assembly
- Completed reload, in  0.682 seconds
Platform modules already initialized, skipping
Refreshing native plugins compatible for Editor in 0.31 ms, found 1 plugins.
Preloading 0 native plugins for Editor in 0.00 ms.
Unloading 1808 Unused Serialized files (Serialized files now loaded: 0)
System memory in use before: 86.5 MB.
System memory in use after: 86.5 MB.

Unloading 12 unused Assets to reduce memory usage. Loaded Objects now: 2383.
Total: 2.322700 ms (FindLiveObjects: 0.275500 ms CreateObjectMapping: 0.051500 ms MarkObjects: 1.869100 ms  DeleteObjects: 0.124500 ms)

========================================================================
Received Prepare
Refreshing native plugins compatible for Editor in 1.29 ms, found 1 plugins.
Preloading 0 native plugins for Editor in 0.00 ms.
Unloading 10 Unused Serialized files (Serialized files now loaded: 0)
System memory in use before: 51.0 MB.
System memory in use after: 50.9 MB.

Unloading 10 unused Assets to reduce memory usage. Loaded Objects now: 2383.
Total: 2.883400 ms (FindLiveObjects: 0.269500 ms CreateObjectMapping: 0.061900 ms MarkObjects: 2.439300 ms  DeleteObjects: 0.111600 ms)

========================================================================
Received Prepare
Refreshing native plugins compatible for Editor in 1.25 ms, found 1 plugins.
Preloading 0 native plugins for Editor in 0.00 ms.
Unloading 10 Unused Serialized files (Serialized files now loaded: 0)
System memory in use before: 51.0 MB.
System memory in use after: 51.0 MB.

Unloading 10 unused Assets to reduce memory usage. Loaded Objects now: 2383.
Total: 2.892200 ms (FindLiveObjects: 0.326200 ms CreateObjectMapping: 0.050700 ms MarkObjects: 2.376100 ms  DeleteObjects: 0.137700 ms)

========================================================================
Received Import Request.
  Time since last request: 590.349260 seconds.
  path: Assets/Scenes/MainMenu.unity
  artifactKey: Guid(f8ce64661d7f47348a1d9a9b02800a70) Importer(815301076,1909f56bfc062723c751e8b465ee728b)
Start importing Assets/Scenes/MainMenu.unity using Guid(f8ce64661d7f47348a1d9a9b02800a70) Importer(815301076,1909f56bfc062723c751e8b465ee728b)  -> (artifact id: '28199dd8f1579d3255486e98ceaf2d9e') in 0.012180 seconds
  Import took 0.015284 seconds .

========================================================================
Received Prepare
Registering precompiled user dll's ...
Registered in 0.001503 seconds.
Begin MonoManager ReloadAssembly
Native extension for WindowsStandalone target not found
Native extension for WebGL target not found
Refreshing native plugins compatible for Editor in 0.45 ms, found 1 plugins.
Preloading 0 native plugins for Editor in 0.00 ms.
Mono: successfully reloaded assembly
- Completed reload, in  0.709 seconds
Platform modules already initialized, skipping
Refreshing native plugins compatible for Editor in 0.40 ms, found 1 plugins.
Preloading 0 native plugins for Editor in 0.00 ms.
Unloading 1809 Unused Serialized files (Serialized files now loaded: 0)
System memory in use before: 86.6 MB.
System memory in use after: 86.5 MB.

Unloading 12 unused Assets to reduce memory usage. Loaded Objects now: 2388.
Total: 2.203400 ms (FindLiveObjects: 0.230100 ms CreateObjectMapping: 0.047000 ms MarkObjects: 1.813000 ms  DeleteObjects: 0.112400 ms)

========================================================================
Received Prepare
Registering precompiled user dll's ...
Registered in 0.000620 seconds.
Begin MonoManager ReloadAssembly
Native extension for WindowsStandalone target not found
Native extension for WebGL target not found
Refreshing native plugins compatible for Editor in 0.38 ms, found 1 plugins.
Preloading 0 native plugins for Editor in 0.00 ms.
Mono: successfully reloaded assembly
- Completed reload, in  0.717 seconds
Platform modules already initialized, skipping
Refreshing native plugins compatible for Editor in 0.37 ms, found 1 plugins.
Preloading 0 native plugins for Editor in 0.00 ms.
Unloading 1809 Unused Serialized files (Serialized files now loaded: 0)
System memory in use before: 86.6 MB.
System memory in use after: 86.5 MB.

Unloading 12 unused Assets to reduce memory usage. Loaded Objects now: 2392.
Total: 2.119500 ms (FindLiveObjects: 0.256900 ms CreateObjectMapping: 0.054500 ms MarkObjects: 1.676300 ms  DeleteObjects: 0.130900 ms)

========================================================================
Received Prepare
Registering precompiled user dll's ...
Registered in 0.000640 seconds.
Begin MonoManager ReloadAssembly
Native extension for WindowsStandalone target not found
Native extension for WebGL target not found
Refreshing native plugins compatible for Editor in 0.38 ms, found 1 plugins.
Preloading 0 native plugins for Editor in 0.00 ms.
Mono: successfully reloaded assembly
- Completed reload, in  0.692 seconds
Platform modules already initialized, skipping
Refreshing native plugins compatible for Editor in 0.38 ms, found 1 plugins.
Preloading 0 native plugins for Editor in 0.00 ms.
Unloading 1809 Unused Serialized files (Serialized files now loaded: 0)
System memory in use before: 86.6 MB.
System memory in use after: 86.6 MB.

Unloading 12 unused Assets to reduce memory usage. Loaded Objects now: 2396.
Total: 2.462400 ms (FindLiveObjects: 0.306200 ms CreateObjectMapping: 0.045200 ms MarkObjects: 1.999200 ms  DeleteObjects: 0.110000 ms)

========================================================================
Received Prepare
Registering precompiled user dll's ...
Registered in 0.000652 seconds.
Begin MonoManager ReloadAssembly
Native extension for WindowsStandalone target not found
Native extension for WebGL target not found
Refreshing native plugins compatible for Editor in 0.39 ms, found 1 plugins.
Preloading 0 native plugins for Editor in 0.00 ms.
Mono: successfully reloaded assembly
- Completed reload, in  0.692 seconds
Platform modules already initialized, skipping
Refreshing native plugins compatible for Editor in 0.38 ms, found 1 plugins.
Preloading 0 native plugins for Editor in 0.00 ms.
Unloading 1809 Unused Serialized files (Serialized files now loaded: 0)
System memory in use before: 86.6 MB.
System memory in use after: 86.6 MB.

Unloading 12 unused Assets to reduce memory usage. Loaded Objects now: 2400.
Total: 2.320100 ms (FindLiveObjects: 0.293100 ms CreateObjectMapping: 0.059000 ms MarkObjects: 1.846900 ms  DeleteObjects: 0.119300 ms)

========================================================================
Received Prepare
Registering precompiled user dll's ...
Registered in 0.000615 seconds.
Begin MonoManager ReloadAssembly
Native extension for WindowsStandalone target not found
Native extension for WebGL target not found
Refreshing native plugins compatible for Editor in 0.69 ms, found 1 plugins.
Preloading 0 native plugins for Editor in 0.00 ms.
Mono: successfully reloaded assembly
- Completed reload, in  2.049 seconds
Platform modules already initialized, skipping
Refreshing native plugins compatible for Editor in 0.37 ms, found 1 plugins.
Preloading 0 native plugins for Editor in 0.00 ms.
Unloading 1809 Unused Serialized files (Serialized files now loaded: 0)
System memory in use before: 86.6 MB.
System memory in use after: 86.6 MB.

Unloading 12 unused Assets to reduce memory usage. Loaded Objects now: 2404.
Total: 2.247400 ms (FindLiveObjects: 0.291300 ms CreateObjectMapping: 0.050100 ms MarkObjects: 1.782100 ms  DeleteObjects: 0.122700 ms)

========================================================================
Received Prepare
Refreshing native plugins compatible for Editor in 1.32 ms, found 1 plugins.
Preloading 0 native plugins for Editor in 0.00 ms.
Unloading 10 Unused Serialized files (Serialized files now loaded: 0)
System memory in use before: 51.0 MB.
System memory in use after: 51.0 MB.

Unloading 10 unused Assets to reduce memory usage. Loaded Objects now: 2404.
Total: 2.278500 ms (FindLiveObjects: 0.244400 ms CreateObjectMapping: 0.047100 ms MarkObjects: 1.886700 ms  DeleteObjects: 0.099300 ms)

========================================================================
Received Prepare
Refreshing native plugins compatible for Editor in 1.15 ms, found 1 plugins.
Preloading 0 native plugins for Editor in 0.00 ms.
Unloading 10 Unused Serialized files (Serialized files now loaded: 0)
System memory in use before: 51.0 MB.
System memory in use after: 51.0 MB.

Unloading 10 unused Assets to reduce memory usage. Loaded Objects now: 2404.
Total: 2.475500 ms (FindLiveObjects: 0.223400 ms CreateObjectMapping: 0.043600 ms MarkObjects: 2.060900 ms  DeleteObjects: 0.146400 ms)

AssetImportWorkerClient::OnTransportError - code=2 error=End of file
